INFO - 2023-10-13 10:15:39 --> Session: Class initialized using 'CodeIgniter\Session\Handlers\FileHandler' driver.
INFO - 2023-10-13 10:20:22 --> Session: Class initialized using 'CodeIgniter\Session\Handlers\FileHandler' driver.
CRITICAL - 2023-10-13 10:23:22 --> Undefined variable $msg
in APPPATH\Views\admin\login.php on line 36.
 1 APPPATH\Views\admin\login.php(36): CodeIgniter\Debug\Exceptions->errorHandler(2, 'Undefined variable $msg', 'C:\\xampp\\htdocs\\login\\app\\Views\\admin\\login.php', 36)
 2 SYSTEMPATH\View\View.php(226): include('C:\\xampp\\htdocs\\login\\app\\Views\\admin\\login.php')
 3 SYSTEMPATH\View\View.php(229): CodeIgniter\View\View->CodeIgniter\View\{closure}()
 4 SYSTEMPATH\Common.php(1188): CodeIgniter\View\View->render('admin/login', [], true)
 5 APPPATH\Controllers\AdminUser.php(31): view('admin/login', [])
 6 SYSTEMPATH\CodeIgniter.php(919): App\Controllers\AdminUser->login()
 7 SYSTEMPATH\CodeIgniter.php(494): CodeIgniter\CodeIgniter->runController(Object(App\Controllers\AdminUser))
 8 SYSTEMPATH\CodeIgniter.php(353): CodeIgniter\CodeIgniter->handleRequest(null, Object(Config\Cache), false)
 9 FCPATH\index.php(79): CodeIgniter\CodeIgniter->run()
CRITICAL - 2023-10-13 10:24:26 --> Undefined variable $msg
in APPPATH\Views\admin\login.php on line 36.
 1 APPPATH\Views\admin\login.php(36): CodeIgniter\Debug\Exceptions->errorHandler(2, 'Undefined variable $msg', 'C:\\xampp\\htdocs\\login\\app\\Views\\admin\\login.php', 36)
 2 SYSTEMPATH\View\View.php(226): include('C:\\xampp\\htdocs\\login\\app\\Views\\admin\\login.php')
 3 SYSTEMPATH\View\View.php(229): CodeIgniter\View\View->CodeIgniter\View\{closure}()
 4 SYSTEMPATH\Common.php(1188): CodeIgniter\View\View->render('admin/login', [], true)
 5 APPPATH\Controllers\AdminUser.php(32): view('admin/login', [])
 6 SYSTEMPATH\CodeIgniter.php(919): App\Controllers\AdminUser->login()
 7 SYSTEMPATH\CodeIgniter.php(494): CodeIgniter\CodeIgniter->runController(Object(App\Controllers\AdminUser))
 8 SYSTEMPATH\CodeIgniter.php(353): CodeIgniter\CodeIgniter->handleRequest(null, Object(Config\Cache), false)
 9 FCPATH\index.php(79): CodeIgniter\CodeIgniter->run()
CRITICAL - 2023-10-13 10:24:33 --> Undefined variable $msg
in APPPATH\Views\admin\login.php on line 36.
 1 APPPATH\Views\admin\login.php(36): CodeIgniter\Debug\Exceptions->errorHandler(2, 'Undefined variable $msg', 'C:\\xampp\\htdocs\\login\\app\\Views\\admin\\login.php', 36)
 2 SYSTEMPATH\View\View.php(226): include('C:\\xampp\\htdocs\\login\\app\\Views\\admin\\login.php')
 3 SYSTEMPATH\View\View.php(229): CodeIgniter\View\View->CodeIgniter\View\{closure}()
 4 SYSTEMPATH\Common.php(1188): CodeIgniter\View\View->render('admin/login', [], true)
 5 APPPATH\Controllers\AdminUser.php(32): view('admin/login', [])
 6 SYSTEMPATH\CodeIgniter.php(919): App\Controllers\AdminUser->login()
 7 SYSTEMPATH\CodeIgniter.php(494): CodeIgniter\CodeIgniter->runController(Object(App\Controllers\AdminUser))
 8 SYSTEMPATH\CodeIgniter.php(353): CodeIgniter\CodeIgniter->handleRequest(null, Object(Config\Cache), false)
 9 FCPATH\index.php(79): CodeIgniter\CodeIgniter->run()
CRITICAL - 2023-10-13 10:24:35 --> Undefined variable $msg
in APPPATH\Views\admin\login.php on line 36.
 1 APPPATH\Views\admin\login.php(36): CodeIgniter\Debug\Exceptions->errorHandler(2, 'Undefined variable $msg', 'C:\\xampp\\htdocs\\login\\app\\Views\\admin\\login.php', 36)
 2 SYSTEMPATH\View\View.php(226): include('C:\\xampp\\htdocs\\login\\app\\Views\\admin\\login.php')
 3 SYSTEMPATH\View\View.php(229): CodeIgniter\View\View->CodeIgniter\View\{closure}()
 4 SYSTEMPATH\Common.php(1188): CodeIgniter\View\View->render('admin/login', [], true)
 5 APPPATH\Controllers\AdminUser.php(32): view('admin/login', [])
 6 SYSTEMPATH\CodeIgniter.php(919): App\Controllers\AdminUser->login()
 7 SYSTEMPATH\CodeIgniter.php(494): CodeIgniter\CodeIgniter->runController(Object(App\Controllers\AdminUser))
 8 SYSTEMPATH\CodeIgniter.php(353): CodeIgniter\CodeIgniter->handleRequest(null, Object(Config\Cache), false)
 9 FCPATH\index.php(79): CodeIgniter\CodeIgniter->run()
CRITICAL - 2023-10-13 10:25:30 --> Undefined variable $msg
in APPPATH\Views\admin\login.php on line 36.
 1 APPPATH\Views\admin\login.php(36): CodeIgniter\Debug\Exceptions->errorHandler(2, 'Undefined variable $msg', 'C:\\xampp\\htdocs\\login\\app\\Views\\admin\\login.php', 36)
 2 SYSTEMPATH\View\View.php(226): include('C:\\xampp\\htdocs\\login\\app\\Views\\admin\\login.php')
 3 SYSTEMPATH\View\View.php(229): CodeIgniter\View\View->CodeIgniter\View\{closure}()
 4 SYSTEMPATH\Common.php(1188): CodeIgniter\View\View->render('admin/login', [], true)
 5 APPPATH\Controllers\AdminUser.php(32): view('admin/login', [])
 6 SYSTEMPATH\CodeIgniter.php(919): App\Controllers\AdminUser->login()
 7 SYSTEMPATH\CodeIgniter.php(494): CodeIgniter\CodeIgniter->runController(Object(App\Controllers\AdminUser))
 8 SYSTEMPATH\CodeIgniter.php(353): CodeIgniter\CodeIgniter->handleRequest(null, Object(Config\Cache), false)
 9 FCPATH\index.php(79): CodeIgniter\CodeIgniter->run()
CRITICAL - 2023-10-13 10:25:52 --> Undefined variable $msg
in APPPATH\Views\admin\login.php on line 36.
 1 APPPATH\Views\admin\login.php(36): CodeIgniter\Debug\Exceptions->errorHandler(2, 'Undefined variable $msg', 'C:\\xampp\\htdocs\\login\\app\\Views\\admin\\login.php', 36)
 2 SYSTEMPATH\View\View.php(226): include('C:\\xampp\\htdocs\\login\\app\\Views\\admin\\login.php')
 3 SYSTEMPATH\View\View.php(229): CodeIgniter\View\View->CodeIgniter\View\{closure}()
 4 SYSTEMPATH\Common.php(1188): CodeIgniter\View\View->render('admin/login', [], true)
 5 APPPATH\Controllers\AdminUser.php(32): view('admin/login', [])
 6 SYSTEMPATH\CodeIgniter.php(919): App\Controllers\AdminUser->login()
 7 SYSTEMPATH\CodeIgniter.php(494): CodeIgniter\CodeIgniter->runController(Object(App\Controllers\AdminUser))
 8 SYSTEMPATH\CodeIgniter.php(353): CodeIgniter\CodeIgniter->handleRequest(null, Object(Config\Cache), false)
 9 FCPATH\index.php(79): CodeIgniter\CodeIgniter->run()
CRITICAL - 2023-10-13 10:26:00 --> Undefined variable $msg
in APPPATH\Views\admin\login.php on line 36.
 1 APPPATH\Views\admin\login.php(36): CodeIgniter\Debug\Exceptions->errorHandler(2, 'Undefined variable $msg', 'C:\\xampp\\htdocs\\login\\app\\Views\\admin\\login.php', 36)
 2 SYSTEMPATH\View\View.php(226): include('C:\\xampp\\htdocs\\login\\app\\Views\\admin\\login.php')
 3 SYSTEMPATH\View\View.php(229): CodeIgniter\View\View->CodeIgniter\View\{closure}()
 4 SYSTEMPATH\Common.php(1188): CodeIgniter\View\View->render('admin/login', [], true)
 5 APPPATH\Controllers\AdminUser.php(32): view('admin/login', [])
 6 SYSTEMPATH\CodeIgniter.php(919): App\Controllers\AdminUser->login()
 7 SYSTEMPATH\CodeIgniter.php(494): CodeIgniter\CodeIgniter->runController(Object(App\Controllers\AdminUser))
 8 SYSTEMPATH\CodeIgniter.php(353): CodeIgniter\CodeIgniter->handleRequest(null, Object(Config\Cache), false)
 9 FCPATH\index.php(79): CodeIgniter\CodeIgniter->run()
CRITICAL - 2023-10-13 10:26:01 --> Undefined variable $msg
in APPPATH\Views\admin\login.php on line 36.
 1 APPPATH\Views\admin\login.php(36): CodeIgniter\Debug\Exceptions->errorHandler(2, 'Undefined variable $msg', 'C:\\xampp\\htdocs\\login\\app\\Views\\admin\\login.php', 36)
 2 SYSTEMPATH\View\View.php(226): include('C:\\xampp\\htdocs\\login\\app\\Views\\admin\\login.php')
 3 SYSTEMPATH\View\View.php(229): CodeIgniter\View\View->CodeIgniter\View\{closure}()
 4 SYSTEMPATH\Common.php(1188): CodeIgniter\View\View->render('admin/login', [], true)
 5 APPPATH\Controllers\AdminUser.php(32): view('admin/login', [])
 6 SYSTEMPATH\CodeIgniter.php(919): App\Controllers\AdminUser->login()
 7 SYSTEMPATH\CodeIgniter.php(494): CodeIgniter\CodeIgniter->runController(Object(App\Controllers\AdminUser))
 8 SYSTEMPATH\CodeIgniter.php(353): CodeIgniter\CodeIgniter->handleRequest(null, Object(Config\Cache), false)
 9 FCPATH\index.php(79): CodeIgniter\CodeIgniter->run()
CRITICAL - 2023-10-13 10:26:43 --> Undefined variable $msg
in APPPATH\Views\admin\login.php on line 36.
 1 APPPATH\Views\admin\login.php(36): CodeIgniter\Debug\Exceptions->errorHandler(2, 'Undefined variable $msg', 'C:\\xampp\\htdocs\\login\\app\\Views\\admin\\login.php', 36)
 2 SYSTEMPATH\View\View.php(226): include('C:\\xampp\\htdocs\\login\\app\\Views\\admin\\login.php')
 3 SYSTEMPATH\View\View.php(229): CodeIgniter\View\View->CodeIgniter\View\{closure}()
 4 SYSTEMPATH\Common.php(1188): CodeIgniter\View\View->render('admin/login', [], true)
 5 APPPATH\Controllers\AdminUser.php(32): view('admin/login', [])
 6 SYSTEMPATH\CodeIgniter.php(919): App\Controllers\AdminUser->login()
 7 SYSTEMPATH\CodeIgniter.php(494): CodeIgniter\CodeIgniter->runController(Object(App\Controllers\AdminUser))
 8 SYSTEMPATH\CodeIgniter.php(353): CodeIgniter\CodeIgniter->handleRequest(null, Object(Config\Cache), false)
 9 FCPATH\index.php(79): CodeIgniter\CodeIgniter->run()
10 SYSTEMPATH\Commands\Server\rewrite.php(47): require_once('C:\\xampp\\htdocs\\login\\public\\index.php')
INFO - 2023-10-13 11:24:34 --> Session: Class initialized using 'CodeIgniter\Session\Handlers\FileHandler' driver.
INFO - 2023-10-13 11:24:55 --> Session: Class initialized using 'CodeIgniter\Session\Handlers\FileHandler' driver.
CRITICAL - 2023-10-13 11:28:39 --> Undefined constant "Y"
in APPPATH\Views\admin\footer.php on line 5.
 1 SYSTEMPATH\View\View.php(226): include()
 2 SYSTEMPATH\View\View.php(229): CodeIgniter\View\View->CodeIgniter\View\{closure}()
 3 SYSTEMPATH\Common.php(1188): CodeIgniter\View\View->render('admin/footer', [], true)
 4 APPPATH\Controllers\Dashboard.php(17): view('admin/footer')
 5 SYSTEMPATH\CodeIgniter.php(919): App\Controllers\Dashboard->dash()
 6 SYSTEMPATH\CodeIgniter.php(494): CodeIgniter\CodeIgniter->runController(Object(App\Controllers\Dashboard))
 7 SYSTEMPATH\CodeIgniter.php(353): CodeIgniter\CodeIgniter->handleRequest(null, Object(Config\Cache), false)
 8 FCPATH\index.php(79): CodeIgniter\CodeIgniter->run()
CRITICAL - 2023-10-13 11:33:43 --> Undefined constant "Y"
in APPPATH\Views\admin\footer.php on line 5.
 1 SYSTEMPATH\View\View.php(226): include()
 2 SYSTEMPATH\View\View.php(229): CodeIgniter\View\View->CodeIgniter\View\{closure}()
 3 SYSTEMPATH\Common.php(1188): CodeIgniter\View\View->render('admin/footer', [], true)
 4 APPPATH\Controllers\Dashboard.php(17): view('admin/footer')
 5 SYSTEMPATH\CodeIgniter.php(919): App\Controllers\Dashboard->dash()
 6 SYSTEMPATH\CodeIgniter.php(494): CodeIgniter\CodeIgniter->runController(Object(App\Controllers\Dashboard))
 7 SYSTEMPATH\CodeIgniter.php(353): CodeIgniter\CodeIgniter->handleRequest(null, Object(Config\Cache), false)
 8 FCPATH\index.php(79): CodeIgniter\CodeIgniter->run()
CRITICAL - 2023-10-13 11:34:10 --> syntax error, unexpected token "echo"
in APPPATH\Views\admin\footer.php on line 5.
 1 SYSTEMPATH\View\View.php(229): CodeIgniter\View\View->CodeIgniter\View\{closure}()
 2 SYSTEMPATH\Common.php(1188): CodeIgniter\View\View->render('admin/footer', [], true)
 3 APPPATH\Controllers\Dashboard.php(17): view('admin/footer')
 4 SYSTEMPATH\CodeIgniter.php(919): App\Controllers\Dashboard->dash()
 5 SYSTEMPATH\CodeIgniter.php(494): CodeIgniter\CodeIgniter->runController(Object(App\Controllers\Dashboard))
 6 SYSTEMPATH\CodeIgniter.php(353): CodeIgniter\CodeIgniter->handleRequest(null, Object(Config\Cache), false)
 7 FCPATH\index.php(79): CodeIgniter\CodeIgniter->run()
CRITICAL - 2023-10-13 12:31:19 --> syntax error, unexpected token "echo"
in APPPATH\Views\admin\categories.php on line 25.
 1 SYSTEMPATH\View\View.php(229): CodeIgniter\View\View->CodeIgniter\View\{closure}()
 2 SYSTEMPATH\Common.php(1188): CodeIgniter\View\View->render('admin/categories', [], true)
 3 APPPATH\Controllers\Dashboard.php(24): view('admin/categories', [...])
 4 SYSTEMPATH\CodeIgniter.php(919): App\Controllers\Dashboard->categories()
 5 SYSTEMPATH\CodeIgniter.php(494): CodeIgniter\CodeIgniter->runController(Object(App\Controllers\Dashboard))
 6 SYSTEMPATH\CodeIgniter.php(353): CodeIgniter\CodeIgniter->handleRequest(null, Object(Config\Cache), false)
 7 FCPATH\index.php(79): CodeIgniter\CodeIgniter->run()
CRITICAL - 2023-10-13 13:07:00 --> syntax error, unexpected token "}"
in APPPATH\Controllers\Dashboard.php on line 33.
 1 SYSTEMPATH\Router\Router.php(512): CodeIgniter\Router\AutoRouter->getRoute('dashboard/addcategories', 'post')
 2 SYSTEMPATH\Router\Router.php(208): CodeIgniter\Router\Router->autoRoute('dashboard/addcategories')
 3 SYSTEMPATH\CodeIgniter.php(800): CodeIgniter\Router\Router->handle('dashboard/addcategories')
 4 SYSTEMPATH\CodeIgniter.php(442): CodeIgniter\CodeIgniter->tryToRouteIt(Object(CodeIgniter\Router\RouteCollection))
 5 SYSTEMPATH\CodeIgniter.php(353): CodeIgniter\CodeIgniter->handleRequest(null, Object(Config\Cache), false)
 6 FCPATH\index.php(79): CodeIgniter\CodeIgniter->run()
CRITICAL - 2023-10-13 13:07:27 --> syntax error, unexpected token "echo"
in APPPATH\Controllers\Dashboard.php on line 34.
 1 SYSTEMPATH\Router\Router.php(512): CodeIgniter\Router\AutoRouter->getRoute('dashboard/addcategories', 'post')
 2 SYSTEMPATH\Router\Router.php(208): CodeIgniter\Router\Router->autoRoute('dashboard/addcategories')
 3 SYSTEMPATH\CodeIgniter.php(800): CodeIgniter\Router\Router->handle('dashboard/addcategories')
 4 SYSTEMPATH\CodeIgniter.php(442): CodeIgniter\CodeIgniter->tryToRouteIt(Object(CodeIgniter\Router\RouteCollection))
 5 SYSTEMPATH\CodeIgniter.php(353): CodeIgniter\CodeIgniter->handleRequest(null, Object(Config\Cache), false)
 6 FCPATH\index.php(79): CodeIgniter\CodeIgniter->run()
CRITICAL - 2023-10-13 13:11:51 --> There is no data to insert.
in SYSTEMPATH\BaseModel.php on line 768.
 1 SYSTEMPATH\BaseModel.php(768): CodeIgniter\Database\Exceptions\DataException::forEmptyDataset('insert')
 2 SYSTEMPATH\Model.php(715): CodeIgniter\BaseModel->insert([], true)
 3 APPPATH\Controllers\Dashboard.php(32): CodeIgniter\Model->insert([...])
 4 SYSTEMPATH\CodeIgniter.php(919): App\Controllers\Dashboard->addcategories()
 5 SYSTEMPATH\CodeIgniter.php(494): CodeIgniter\CodeIgniter->runController(Object(App\Controllers\Dashboard))
 6 SYSTEMPATH\CodeIgniter.php(353): CodeIgniter\CodeIgniter->handleRequest(null, Object(Config\Cache), false)
 7 FCPATH\index.php(79): CodeIgniter\CodeIgniter->run()
CRITICAL - 2023-10-13 13:12:10 --> There is no data to insert.
in SYSTEMPATH\BaseModel.php on line 768.
 1 SYSTEMPATH\BaseModel.php(768): CodeIgniter\Database\Exceptions\DataException::forEmptyDataset('insert')
 2 SYSTEMPATH\Model.php(715): CodeIgniter\BaseModel->insert([], true)
 3 APPPATH\Controllers\Dashboard.php(32): CodeIgniter\Model->insert([...])
 4 SYSTEMPATH\CodeIgniter.php(919): App\Controllers\Dashboard->addcategories()
 5 SYSTEMPATH\CodeIgniter.php(494): CodeIgniter\CodeIgniter->runController(Object(App\Controllers\Dashboard))
 6 SYSTEMPATH\CodeIgniter.php(353): CodeIgniter\CodeIgniter->handleRequest(null, Object(Config\Cache), false)
 7 FCPATH\index.php(79): CodeIgniter\CodeIgniter->run()
INFO - 2023-10-13 13:16:14 --> Session: Class initialized using 'CodeIgniter\Session\Handlers\FileHandler' driver.
INFO - 2023-10-13 13:16:19 --> Session: Class initialized using 'CodeIgniter\Session\Handlers\FileHandler' driver.
INFO - 2023-10-13 13:16:40 --> Session: Class initialized using 'CodeIgniter\Session\Handlers\FileHandler' driver.
INFO - 2023-10-13 13:18:45 --> Session: Class initialized using 'CodeIgniter\Session\Handlers\FileHandler' driver.
INFO - 2023-10-13 13:19:31 --> Session: Class initialized using 'CodeIgniter\Session\Handlers\FileHandler' driver.
INFO - 2023-10-13 13:20:23 --> Session: Class initialized using 'CodeIgniter\Session\Handlers\FileHandler' driver.
INFO - 2023-10-13 13:20:53 --> Session: Class initialized using 'CodeIgniter\Session\Handlers\FileHandler' driver.
CRITICAL - 2023-10-13 13:22:25 --> syntax error, unexpected token "public"
in APPPATH\Controllers\Dashboard.php on line 41.
 1 SYSTEMPATH\Router\Router.php(512): CodeIgniter\Router\AutoRouter->getRoute('dashboard/addcategories', 'get')
 2 SYSTEMPATH\Router\Router.php(208): CodeIgniter\Router\Router->autoRoute('dashboard/addcategories')
 3 SYSTEMPATH\CodeIgniter.php(800): CodeIgniter\Router\Router->handle('dashboard/addcategories')
 4 SYSTEMPATH\CodeIgniter.php(442): CodeIgniter\CodeIgniter->tryToRouteIt(Object(CodeIgniter\Router\RouteCollection))
 5 SYSTEMPATH\CodeIgniter.php(353): CodeIgniter\CodeIgniter->handleRequest(null, Object(Config\Cache), false)
 6 FCPATH\index.php(79): CodeIgniter\CodeIgniter->run()
CRITICAL - 2023-10-13 13:24:30 --> syntax error, unexpected token "echo"
in APPPATH\Controllers\Dashboard.php on line 35.
 1 SYSTEMPATH\Router\Router.php(512): CodeIgniter\Router\AutoRouter->getRoute('dashboard/categories', 'get')
 2 SYSTEMPATH\Router\Router.php(208): CodeIgniter\Router\Router->autoRoute('dashboard/categories')
 3 SYSTEMPATH\CodeIgniter.php(800): CodeIgniter\Router\Router->handle('dashboard/categories')
 4 SYSTEMPATH\CodeIgniter.php(442): CodeIgniter\CodeIgniter->tryToRouteIt(Object(CodeIgniter\Router\RouteCollection))
 5 SYSTEMPATH\CodeIgniter.php(353): CodeIgniter\CodeIgniter->handleRequest(null, Object(Config\Cache), false)
 6 FCPATH\index.php(79): CodeIgniter\CodeIgniter->run()
CRITICAL - 2023-10-13 13:24:54 --> syntax error, unexpected token "return"
in APPPATH\Controllers\Dashboard.php on line 35.
 1 SYSTEMPATH\Router\Router.php(512): CodeIgniter\Router\AutoRouter->getRoute('dashboard/categories', 'get')
 2 SYSTEMPATH\Router\Router.php(208): CodeIgniter\Router\Router->autoRoute('dashboard/categories')
 3 SYSTEMPATH\CodeIgniter.php(800): CodeIgniter\Router\Router->handle('dashboard/categories')
 4 SYSTEMPATH\CodeIgniter.php(442): CodeIgniter\CodeIgniter->tryToRouteIt(Object(CodeIgniter\Router\RouteCollection))
 5 SYSTEMPATH\CodeIgniter.php(353): CodeIgniter\CodeIgniter->handleRequest(null, Object(Config\Cache), false)
 6 FCPATH\index.php(79): CodeIgniter\CodeIgniter->run()
CRITICAL - 2023-10-13 13:25:47 --> syntax error, unexpected token "return"
in APPPATH\Controllers\Dashboard.php on line 35.
 1 SYSTEMPATH\Router\Router.php(512): CodeIgniter\Router\AutoRouter->getRoute('dashboard/categories', 'get')
 2 SYSTEMPATH\Router\Router.php(208): CodeIgniter\Router\Router->autoRoute('dashboard/categories')
 3 SYSTEMPATH\CodeIgniter.php(800): CodeIgniter\Router\Router->handle('dashboard/categories')
 4 SYSTEMPATH\CodeIgniter.php(442): CodeIgniter\CodeIgniter->tryToRouteIt(Object(CodeIgniter\Router\RouteCollection))
 5 SYSTEMPATH\CodeIgniter.php(353): CodeIgniter\CodeIgniter->handleRequest(null, Object(Config\Cache), false)
 6 FCPATH\index.php(79): CodeIgniter\CodeIgniter->run()
CRITICAL - 2023-10-13 13:25:50 --> syntax error, unexpected token "return"
in APPPATH\Controllers\Dashboard.php on line 35.
 1 SYSTEMPATH\Router\Router.php(512): CodeIgniter\Router\AutoRouter->getRoute('dashboard/addcategories', 'get')
 2 SYSTEMPATH\Router\Router.php(208): CodeIgniter\Router\Router->autoRoute('dashboard/addcategories')
 3 SYSTEMPATH\CodeIgniter.php(800): CodeIgniter\Router\Router->handle('dashboard/addcategories')
 4 SYSTEMPATH\CodeIgniter.php(442): CodeIgniter\CodeIgniter->tryToRouteIt(Object(CodeIgniter\Router\RouteCollection))
 5 SYSTEMPATH\CodeIgniter.php(353): CodeIgniter\CodeIgniter->handleRequest(null, Object(Config\Cache), false)
 6 FCPATH\index.php(79): CodeIgniter\CodeIgniter->run()
CRITICAL - 2023-10-13 13:25:56 --> syntax error, unexpected token "return"
in APPPATH\Controllers\Dashboard.php on line 35.
 1 SYSTEMPATH\Autoloader\Autoloader.php(285): CodeIgniter\Autoloader\Autoloader->includeFile('C:\\xampp\\htdocs\\login\\app\\Controllers\\Dashboard.php')
 2 SYSTEMPATH\Autoloader\Autoloader.php(263): CodeIgniter\Autoloader\Autoloader->loadInNamespace('App\\Controllers\\Dashboard')
 3 [internal function]: CodeIgniter\Autoloader\Autoloader->loadClass('App\\Controllers\\Dashboard')
 4 SYSTEMPATH\CodeIgniter.php(877): class_exists('\\App\\Controllers\\Dashboard', true)
 5 SYSTEMPATH\CodeIgniter.php(481): CodeIgniter\CodeIgniter->startController()
 6 SYSTEMPATH\CodeIgniter.php(353): CodeIgniter\CodeIgniter->handleRequest(null, Object(Config\Cache), false)
 7 FCPATH\index.php(79): CodeIgniter\CodeIgniter->run()
CRITICAL - 2023-10-13 13:26:00 --> syntax error, unexpected token "return"
in APPPATH\Controllers\Dashboard.php on line 35.
 1 SYSTEMPATH\Autoloader\Autoloader.php(285): CodeIgniter\Autoloader\Autoloader->includeFile('C:\\xampp\\htdocs\\login\\app\\Controllers\\Dashboard.php')
 2 SYSTEMPATH\Autoloader\Autoloader.php(263): CodeIgniter\Autoloader\Autoloader->loadInNamespace('App\\Controllers\\Dashboard')
 3 [internal function]: CodeIgniter\Autoloader\Autoloader->loadClass('App\\Controllers\\Dashboard')
 4 SYSTEMPATH\CodeIgniter.php(877): class_exists('\\App\\Controllers\\Dashboard', true)
 5 SYSTEMPATH\CodeIgniter.php(481): CodeIgniter\CodeIgniter->startController()
 6 SYSTEMPATH\CodeIgniter.php(353): CodeIgniter\CodeIgniter->handleRequest(null, Object(Config\Cache), false)
 7 FCPATH\index.php(79): CodeIgniter\CodeIgniter->run()
CRITICAL - 2023-10-13 13:26:02 --> syntax error, unexpected token "return"
in APPPATH\Controllers\Dashboard.php on line 35.
 1 SYSTEMPATH\Router\Router.php(512): CodeIgniter\Router\AutoRouter->getRoute('dashboard/addcategories', 'get')
 2 SYSTEMPATH\Router\Router.php(208): CodeIgniter\Router\Router->autoRoute('dashboard/addcategories')
 3 SYSTEMPATH\CodeIgniter.php(800): CodeIgniter\Router\Router->handle('dashboard/addcategories')
 4 SYSTEMPATH\CodeIgniter.php(442): CodeIgniter\CodeIgniter->tryToRouteIt(Object(CodeIgniter\Router\RouteCollection))
 5 SYSTEMPATH\CodeIgniter.php(353): CodeIgniter\CodeIgniter->handleRequest(null, Object(Config\Cache), false)
 6 FCPATH\index.php(79): CodeIgniter\CodeIgniter->run()
CRITICAL - 2023-10-13 13:26:12 --> syntax error, unexpected token "echo"
in APPPATH\Controllers\Dashboard.php on line 35.
 1 SYSTEMPATH\Router\Router.php(512): CodeIgniter\Router\AutoRouter->getRoute('dashboard/addcategories', 'get')
 2 SYSTEMPATH\Router\Router.php(208): CodeIgniter\Router\Router->autoRoute('dashboard/addcategories')
 3 SYSTEMPATH\CodeIgniter.php(800): CodeIgniter\Router\Router->handle('dashboard/addcategories')
 4 SYSTEMPATH\CodeIgniter.php(442): CodeIgniter\CodeIgniter->tryToRouteIt(Object(CodeIgniter\Router\RouteCollection))
 5 SYSTEMPATH\CodeIgniter.php(353): CodeIgniter\CodeIgniter->handleRequest(null, Object(Config\Cache), false)
 6 FCPATH\index.php(79): CodeIgniter\CodeIgniter->run()
CRITICAL - 2023-10-13 13:29:22 --> Undefined variable $data
in APPPATH\Views\admin\categories.php on line 23.
 1 APPPATH\Views\admin\categories.php(23): CodeIgniter\Debug\Exceptions->errorHandler(2, 'Undefined variable $data', 'C:\\xampp\\htdocs\\login\\app\\Views\\admin\\categories.php', 23)
 2 SYSTEMPATH\View\View.php(226): include('C:\\xampp\\htdocs\\login\\app\\Views\\admin\\categories.php')
 3 SYSTEMPATH\View\View.php(229): CodeIgniter\View\View->CodeIgniter\View\{closure}()
 4 SYSTEMPATH\Common.php(1188): CodeIgniter\View\View->render('admin/categories', [], true)
 5 APPPATH\Controllers\Dashboard.php(36): view('admin/categories')
 6 SYSTEMPATH\CodeIgniter.php(919): App\Controllers\Dashboard->addcategories()
 7 SYSTEMPATH\CodeIgniter.php(494): CodeIgniter\CodeIgniter->runController(Object(App\Controllers\Dashboard))
 8 SYSTEMPATH\CodeIgniter.php(353): CodeIgniter\CodeIgniter->handleRequest(null, Object(Config\Cache), false)
 9 FCPATH\index.php(79): CodeIgniter\CodeIgniter->run()
