CRITICAL - 2023-10-17 05:48:10 --> Cannot access offset of type string on string
in APPPATH\Views\admin\addproduct.php on line 14.
 1 SYSTEMPATH\View\View.php(226): include()
 2 SYSTEMPATH\View\View.php(229): CodeIgniter\View\View->CodeIgniter\View\{closure}()
 3 SYSTEMPATH\Common.php(1188): CodeIgniter\View\View->render('admin/addproduct', [], true)
 4 APPPATH\Controllers\Dashboard.php(142): view('admin/addproduct', [...])
 5 SYSTEMPATH\CodeIgniter.php(919): App\Controllers\Dashboard->addproduct()
 6 SYSTEMPATH\CodeIgniter.php(494): CodeIgniter\CodeIgniter->runController(Object(App\Controllers\Dashboard))
 7 SYSTEMPATH\CodeIgniter.php(353): CodeIgniter\CodeIgniter->handleRequest(null, Object(Config\Cache), false)
 8 FCPATH\index.php(79): CodeIgniter\CodeIgniter->run()
CRITICAL - 2023-10-17 05:59:06 --> Cannot access offset of type string on string
in APPPATH\Views\admin\addproduct.php on line 14.
 1 SYSTEMPATH\View\View.php(226): include()
 2 SYSTEMPATH\View\View.php(229): CodeIgniter\View\View->CodeIgniter\View\{closure}()
 3 SYSTEMPATH\Common.php(1188): CodeIgniter\View\View->render('admin/addproduct', [], true)
 4 APPPATH\Controllers\Dashboard.php(142): view('admin/addproduct', [...])
 5 SYSTEMPATH\CodeIgniter.php(919): App\Controllers\Dashboard->addproduct()
 6 SYSTEMPATH\CodeIgniter.php(494): CodeIgniter\CodeIgniter->runController(Object(App\Controllers\Dashboard))
 7 SYSTEMPATH\CodeIgniter.php(353): CodeIgniter\CodeIgniter->handleRequest(null, Object(Config\Cache), false)
 8 FCPATH\index.php(79): CodeIgniter\CodeIgniter->run()
CRITICAL - 2023-10-17 06:32:55 --> view(): Argument #3 ($options) must be of type array, string given, called in C:\xampp\htdocs\login\app\Controllers\Dashboard.php on line 200
in SYSTEMPATH\Common.php on line 1176.
 1 APPPATH\Controllers\Dashboard.php(200): view('admin/updateproduct', [...], ' ')
 2 SYSTEMPATH\CodeIgniter.php(919): App\Controllers\Dashboard->updateProduct('27')
 3 SYSTEMPATH\CodeIgniter.php(494): CodeIgniter\CodeIgniter->runController(Object(App\Controllers\Dashboard))
 4 SYSTEMPATH\CodeIgniter.php(353): CodeIgniter\CodeIgniter->handleRequest(null, Object(Config\Cache), false)
 5 FCPATH\index.php(79): CodeIgniter\CodeIgniter->run()
CRITICAL - 2023-10-17 06:33:14 --> Undefined variable $data
in APPPATH\Views\admin\updateproduct.php on line 13.
 1 APPPATH\Views\admin\updateproduct.php(13): CodeIgniter\Debug\Exceptions->errorHandler(2, 'Undefined variable $data', 'C:\\xampp\\htdocs\\login\\app\\Views\\admin\\updateproduct.php', 13)
 2 SYSTEMPATH\View\View.php(226): include('C:\\xampp\\htdocs\\login\\app\\Views\\admin\\updateproduct.php')
 3 SYSTEMPATH\View\View.php(229): CodeIgniter\View\View->CodeIgniter\View\{closure}()
 4 SYSTEMPATH\Common.php(1188): CodeIgniter\View\View->render('admin/updateproduct', [], true)
 5 APPPATH\Controllers\Dashboard.php(200): view('admin/updateproduct', [...])
 6 SYSTEMPATH\CodeIgniter.php(919): App\Controllers\Dashboard->updateProduct('27')
 7 SYSTEMPATH\CodeIgniter.php(494): CodeIgniter\CodeIgniter->runController(Object(App\Controllers\Dashboard))
 8 SYSTEMPATH\CodeIgniter.php(353): CodeIgniter\CodeIgniter->handleRequest(null, Object(Config\Cache), false)
 9 FCPATH\index.php(79): CodeIgniter\CodeIgniter->run()
CRITICAL - 2023-10-17 06:35:32 --> Undefined variable $product
in APPPATH\Views\admin\updateproduct.php on line 20.
 1 APPPATH\Views\admin\updateproduct.php(20): CodeIgniter\Debug\Exceptions->errorHandler(2, 'Undefined variable $product', 'C:\\xampp\\htdocs\\login\\app\\Views\\admin\\updateproduct.php', 20)
 2 SYSTEMPATH\View\View.php(226): include('C:\\xampp\\htdocs\\login\\app\\Views\\admin\\updateproduct.php')
 3 SYSTEMPATH\View\View.php(229): CodeIgniter\View\View->CodeIgniter\View\{closure}()
 4 SYSTEMPATH\Common.php(1188): CodeIgniter\View\View->render('admin/updateproduct', [], true)
 5 APPPATH\Controllers\Dashboard.php(200): view('admin/updateproduct', [...])
 6 SYSTEMPATH\CodeIgniter.php(919): App\Controllers\Dashboard->updateProduct('27')
 7 SYSTEMPATH\CodeIgniter.php(494): CodeIgniter\CodeIgniter->runController(Object(App\Controllers\Dashboard))
 8 SYSTEMPATH\CodeIgniter.php(353): CodeIgniter\CodeIgniter->handleRequest(null, Object(Config\Cache), false)
 9 FCPATH\index.php(79): CodeIgniter\CodeIgniter->run()
CRITICAL - 2023-10-17 06:43:53 --> Undefined variable $datacategory
in APPPATH\Views\admin\updateproduct.php on line 13.
 1 APPPATH\Views\admin\updateproduct.php(13): CodeIgniter\Debug\Exceptions->errorHandler(2, 'Undefined variable $datacategory', 'C:\\xampp\\htdocs\\login\\app\\Views\\admin\\updateproduct.php', 13)
 2 SYSTEMPATH\View\View.php(226): include('C:\\xampp\\htdocs\\login\\app\\Views\\admin\\updateproduct.php')
 3 SYSTEMPATH\View\View.php(229): CodeIgniter\View\View->CodeIgniter\View\{closure}()
 4 SYSTEMPATH\Common.php(1188): CodeIgniter\View\View->render('admin/updateproduct', [], true)
 5 APPPATH\Controllers\Dashboard.php(200): view('admin/updateproduct', [...])
 6 SYSTEMPATH\CodeIgniter.php(919): App\Controllers\Dashboard->updateProduct('27')
 7 SYSTEMPATH\CodeIgniter.php(494): CodeIgniter\CodeIgniter->runController(Object(App\Controllers\Dashboard))
 8 SYSTEMPATH\CodeIgniter.php(353): CodeIgniter\CodeIgniter->handleRequest(null, Object(Config\Cache), false)
 9 FCPATH\index.php(79): CodeIgniter\CodeIgniter->run()
CRITICAL - 2023-10-17 06:51:02 --> Undefined variable $product
in APPPATH\Views\admin\updateproduct.php on line 45.
 1 APPPATH\Views\admin\updateproduct.php(45): CodeIgniter\Debug\Exceptions->errorHandler(2, 'Undefined variable $product', 'C:\\xampp\\htdocs\\login\\app\\Views\\admin\\updateproduct.php', 45)
 2 SYSTEMPATH\View\View.php(226): include('C:\\xampp\\htdocs\\login\\app\\Views\\admin\\updateproduct.php')
 3 SYSTEMPATH\View\View.php(229): CodeIgniter\View\View->CodeIgniter\View\{closure}()
 4 SYSTEMPATH\Common.php(1188): CodeIgniter\View\View->render('admin/updateproduct', [], true)
 5 APPPATH\Controllers\Dashboard.php(203): view('admin/updateproduct', [...])
 6 SYSTEMPATH\CodeIgniter.php(919): App\Controllers\Dashboard->updateProduct('27')
 7 SYSTEMPATH\CodeIgniter.php(494): CodeIgniter\CodeIgniter->runController(Object(App\Controllers\Dashboard))
 8 SYSTEMPATH\CodeIgniter.php(353): CodeIgniter\CodeIgniter->handleRequest(null, Object(Config\Cache), false)
 9 FCPATH\index.php(79): CodeIgniter\CodeIgniter->run()
CRITICAL - 2023-10-17 07:10:43 --> Undefined array key "query"
in APPPATH\Views\admin\contactus.php on line 33.
 1 APPPATH\Views\admin\contactus.php(33): CodeIgniter\Debug\Exceptions->errorHandler(2, 'Undefined array key "query"', 'C:\\xampp\\htdocs\\login\\app\\Views\\admin\\contactus.php', 33)
 2 SYSTEMPATH\View\View.php(226): include('C:\\xampp\\htdocs\\login\\app\\Views\\admin\\contactus.php')
 3 SYSTEMPATH\View\View.php(229): CodeIgniter\View\View->CodeIgniter\View\{closure}()
 4 SYSTEMPATH\Common.php(1188): CodeIgniter\View\View->render('admin/contactus', [], true)
 5 APPPATH\Controllers\Dashboard.php(226): view('admin/contactus', [...])
 6 SYSTEMPATH\CodeIgniter.php(919): App\Controllers\Dashboard->contactus()
 7 SYSTEMPATH\CodeIgniter.php(494): CodeIgniter\CodeIgniter->runController(Object(App\Controllers\Dashboard))
 8 SYSTEMPATH\CodeIgniter.php(353): CodeIgniter\CodeIgniter->handleRequest(null, Object(Config\Cache), false)
 9 FCPATH\index.php(79): CodeIgniter\CodeIgniter->run()
CRITICAL - 2023-10-17 07:12:44 --> Undefined array key "query"
in APPPATH\Views\admin\contactus.php on line 33.
 1 APPPATH\Views\admin\contactus.php(33): CodeIgniter\Debug\Exceptions->errorHandler(2, 'Undefined array key "query"', 'C:\\xampp\\htdocs\\login\\app\\Views\\admin\\contactus.php', 33)
 2 SYSTEMPATH\View\View.php(226): include('C:\\xampp\\htdocs\\login\\app\\Views\\admin\\contactus.php')
 3 SYSTEMPATH\View\View.php(229): CodeIgniter\View\View->CodeIgniter\View\{closure}()
 4 SYSTEMPATH\Common.php(1188): CodeIgniter\View\View->render('admin/contactus', [], true)
 5 APPPATH\Controllers\Dashboard.php(226): view('admin/contactus', [...])
 6 SYSTEMPATH\CodeIgniter.php(919): App\Controllers\Dashboard->contactus()
 7 SYSTEMPATH\CodeIgniter.php(494): CodeIgniter\CodeIgniter->runController(Object(App\Controllers\Dashboard))
 8 SYSTEMPATH\CodeIgniter.php(353): CodeIgniter\CodeIgniter->handleRequest(null, Object(Config\Cache), false)
 9 FCPATH\index.php(79): CodeIgniter\CodeIgniter->run()
CRITICAL - 2023-10-17 11:00:05 --> syntax error, unexpected token "=", expecting "]"
in APPPATH\Controllers\Dashboard.php on line 123.
 1 SYSTEMPATH\Router\Router.php(512): CodeIgniter\Router\AutoRouter->getRoute('dashboard/product', 'get')
 2 SYSTEMPATH\Router\Router.php(208): CodeIgniter\Router\Router->autoRoute('dashboard/product')
 3 SYSTEMPATH\CodeIgniter.php(800): CodeIgniter\Router\Router->handle('dashboard/product')
 4 SYSTEMPATH\CodeIgniter.php(442): CodeIgniter\CodeIgniter->tryToRouteIt(Object(CodeIgniter\Router\RouteCollection))
 5 SYSTEMPATH\CodeIgniter.php(353): CodeIgniter\CodeIgniter->handleRequest(null, Object(Config\Cache), false)
 6 FCPATH\index.php(79): CodeIgniter\CodeIgniter->run()
ERROR - 2023-10-17 11:00:50 --> mysqli_sql_exception: Column 'image' cannot be null in C:\xampp\htdocs\login\system\Database\MySQLi\Connection.php:306
Stack trace:
#0 C:\xampp\htdocs\login\system\Database\MySQLi\Connection.php(306): mysqli->query('INSERT INTO `pr...', 0)
#1 C:\xampp\htdocs\login\system\Database\BaseConnection.php(692): CodeIgniter\Database\MySQLi\Connection->execute('INSERT INTO `pr...')
#2 C:\xampp\htdocs\login\system\Database\BaseConnection.php(606): CodeIgniter\Database\BaseConnection->simpleQuery('INSERT INTO `pr...')
#3 C:\xampp\htdocs\login\system\Database\BaseBuilder.php(2308): CodeIgniter\Database\BaseConnection->query('INSERT INTO `pr...', Array, false)
#4 C:\xampp\htdocs\login\system\Model.php(319): CodeIgniter\Database\BaseBuilder->insert()
#5 C:\xampp\htdocs\login\system\BaseModel.php(788): CodeIgniter\Model->doInsert(Array)
#6 C:\xampp\htdocs\login\system\Model.php(715): CodeIgniter\BaseModel->insert(Array, true)
#7 C:\xampp\htdocs\login\app\Controllers\Dashboard.php(151): CodeIgniter\Model->insert(Array)
#8 C:\xampp\htdocs\login\system\CodeIgniter.php(919): App\Controllers\Dashboard->addproduct()
#9 C:\xampp\htdocs\login\system\CodeIgniter.php(494): CodeIgniter\CodeIgniter->runController(Object(App\Controllers\Dashboard))
#10 C:\xampp\htdocs\login\system\CodeIgniter.php(353): CodeIgniter\CodeIgniter->handleRequest(NULL, Object(Config\Cache), false)
#11 C:\xampp\htdocs\login\public\index.php(79): CodeIgniter\CodeIgniter->run()
#12 {main}
CRITICAL - 2023-10-17 11:00:50 --> Column 'image' cannot be null
in SYSTEMPATH\Database\BaseConnection.php on line 646.
 1 SYSTEMPATH\Database\BaseBuilder.php(2308): CodeIgniter\Database\BaseConnection->query('INSERT INTO `product` (`categories_id`, `name`, `mrp`, `price`, `qty`, `image`, `short_desc`, `description`, `meta_title`, `meta_desc`, `meta_keyword`) VALUES (:categories_id:, :name:, :mrp:, :price:, :qty:, :image:, :short_desc:, :description:, :meta_title:, :meta_desc:, :meta_keyword:)', [...], false)
 2 SYSTEMPATH\Model.php(319): CodeIgniter\Database\BaseBuilder->insert()
 3 SYSTEMPATH\BaseModel.php(788): CodeIgniter\Model->doInsert([...])
 4 SYSTEMPATH\Model.php(715): CodeIgniter\BaseModel->insert([...], true)
 5 APPPATH\Controllers\Dashboard.php(151): CodeIgniter\Model->insert([...])
 6 SYSTEMPATH\CodeIgniter.php(919): App\Controllers\Dashboard->addproduct()
 7 SYSTEMPATH\CodeIgniter.php(494): CodeIgniter\CodeIgniter->runController(Object(App\Controllers\Dashboard))
 8 SYSTEMPATH\CodeIgniter.php(353): CodeIgniter\CodeIgniter->handleRequest(null, Object(Config\Cache), false)
 9 FCPATH\index.php(79): CodeIgniter\CodeIgniter->run()
